<?xml version="1.0" encoding="UTF-8"?>
<testng-results ignored="0" total="5" passed="5" failed="0" skipped="0">
  <reporter-output>
  </reporter-output>
  <suite started-at="2024-07-06T17:59:20 BST" name="Suitefile" finished-at="2024-07-06T17:59:52 BST" duration-ms="31453">
    <groups>
      <group name="cucumber">
        <method signature="AbstractTestNGCucumberTests.runScenario(io.cucumber.testng.PickleWrapper,io.cucumber.testng.FeatureWrapper)[pri:0, instance:step_definitions.RunCukesTest@6069db50]" name="runScenario" class="io.cucumber.testng.AbstractTestNGCucumberTests"/>
      </group> <!-- cucumber -->
    </groups>
    <test started-at="2024-07-06T17:59:20 BST" name="Test" finished-at="2024-07-06T17:59:52 BST" duration-ms="31453">
      <class name="step_definitions.RunCukesTest">
        <test-method is-config="true" signature="setUpClass(org.testng.ITestContext)[pri:0, instance:step_definitions.RunCukesTest@6069db50]" started-at="2024-07-06T17:59:21 BST" name="setUpClass" finished-at="2024-07-06T17:59:21 BST" duration-ms="706" status="PASS">
          <params>
            <param index="0">
              <value>
                <![CDATA[org.testng.TestRunner@528e5e38]]>
              </value>
            </param>
          </params>
          <reporter-output>
          </reporter-output>
        </test-method> <!-- setUpClass -->
        <test-method signature="runScenario(io.cucumber.testng.PickleWrapper,io.cucumber.testng.FeatureWrapper)[pri:0, instance:step_definitions.RunCukesTest@6069db50]" started-at="2024-07-06T17:59:21 BST" name="runScenario" description="Runs Cucumber Scenarios" data-provider="scenarios" finished-at="2024-07-06T17:59:30 BST" duration-ms="8901" status="PASS">
          <params>
            <param index="0">
              <value>
                <![CDATA["Login With Valid Data"]]>
              </value>
            </param>
            <param index="1">
              <value>
                <![CDATA["Login"]]>
              </value>
            </param>
          </params>
          <reporter-output>
          </reporter-output>
        </test-method> <!-- runScenario -->
        <test-method signature="runScenario(io.cucumber.testng.PickleWrapper,io.cucumber.testng.FeatureWrapper)[pri:0, instance:step_definitions.RunCukesTest@6069db50]" started-at="2024-07-06T17:59:30 BST" name="runScenario" description="Runs Cucumber Scenarios" data-provider="scenarios" finished-at="2024-07-06T17:59:38 BST" duration-ms="7398" status="PASS">
          <params>
            <param index="0">
              <value>
                <![CDATA["Login With Invalid Data"]]>
              </value>
            </param>
            <param index="1">
              <value>
                <![CDATA["Login"]]>
              </value>
            </param>
          </params>
          <reporter-output>
          </reporter-output>
        </test-method> <!-- runScenario -->
        <test-method signature="runScenario(io.cucumber.testng.PickleWrapper,io.cucumber.testng.FeatureWrapper)[pri:0, instance:step_definitions.RunCukesTest@6069db50]" started-at="2024-07-06T17:59:38 BST" name="runScenario" description="Runs Cucumber Scenarios" data-provider="scenarios" finished-at="2024-07-06T17:59:42 BST" duration-ms="4517" status="PASS">
          <params>
            <param index="0">
              <value>
                <![CDATA["Login With Invalid Data"]]>
              </value>
            </param>
            <param index="1">
              <value>
                <![CDATA["Login"]]>
              </value>
            </param>
          </params>
          <reporter-output>
          </reporter-output>
        </test-method> <!-- runScenario -->
        <test-method signature="runScenario(io.cucumber.testng.PickleWrapper,io.cucumber.testng.FeatureWrapper)[pri:0, instance:step_definitions.RunCukesTest@6069db50]" started-at="2024-07-06T17:59:42 BST" name="runScenario" description="Runs Cucumber Scenarios" data-provider="scenarios" finished-at="2024-07-06T17:59:45 BST" duration-ms="3251" status="PASS">
          <params>
            <param index="0">
              <value>
                <![CDATA["Login With Invalid Data"]]>
              </value>
            </param>
            <param index="1">
              <value>
                <![CDATA["Login"]]>
              </value>
            </param>
          </params>
          <reporter-output>
          </reporter-output>
        </test-method> <!-- runScenario -->
        <test-method signature="runScenario(io.cucumber.testng.PickleWrapper,io.cucumber.testng.FeatureWrapper)[pri:0, instance:step_definitions.RunCukesTest@6069db50]" started-at="2024-07-06T17:59:45 BST" name="runScenario" description="Runs Cucumber Scenarios" data-provider="scenarios" finished-at="2024-07-06T17:59:48 BST" duration-ms="3023" status="PASS">
          <params>
            <param index="0">
              <value>
                <![CDATA["Login With Invalid Data"]]>
              </value>
            </param>
            <param index="1">
              <value>
                <![CDATA["Login"]]>
              </value>
            </param>
          </params>
          <reporter-output>
          </reporter-output>
        </test-method> <!-- runScenario -->
        <test-method is-config="true" signature="tearDownClass()[pri:0, instance:step_definitions.RunCukesTest@6069db50]" started-at="2024-07-06T17:59:48 BST" name="tearDownClass" finished-at="2024-07-06T17:59:52 BST" duration-ms="3612" status="PASS">
          <reporter-output>
          </reporter-output>
        </test-method> <!-- tearDownClass -->
      </class> <!-- step_definitions.RunCukesTest -->
    </test> <!-- Test -->
  </suite> <!-- Suitefile -->
</testng-results>
